<?xml version="1.0" encoding="UTF-8"?>
<!-- Generated by org.testng.reporters.JUnitReportReporter -->
<testsuite skipped="0" hostname="LAPTOP-VU0KHJRO" name="tests.TitleTestRunner" tests="1" failures="0" timestamp="2020-12-01T22:47:39 IST" time="15.404" errors="0">
  <testcase name="runScenario" time="15.404" classname="tests.TitleTestRunner"/>
  <system-out/>
</testsuite> <!-- tests.TitleTestRunner -->
